<?xml version="1.0" encoding="UTF-8"?>
<coverage generated="1728629086069" clover="3.2.0">
  <project timestamp="1728629086070" name="All files">
    <metrics statements="13" coveredstatements="13" conditionals="0" coveredconditionals="0" methods="4" coveredmethods="4" elements="17" coveredelements="17" complexity="0" loc="13" ncloc="13" packages="1" files="4" classes="4"/>
    <file name="isPalindrome.js" path="C:\Users\user\Desktop\MyCourses\JS\Testing With Jest\Js Unit Test\isPalindrome.js">
      <metrics statements="4" coveredstatements="4" conditionals="0" coveredconditionals="0" methods="1" coveredmethods="1"/>
      <line num="1" count="1" type="stmt"/>
      <line num="3" count="1" type="stmt"/>
      <line num="4" count="2" type="stmt"/>
      <line num="7" count="1" type="stmt"/>
    </file>
    <file name="reverseString.js" path="C:\Users\user\Desktop\MyCourses\JS\Testing With Jest\Js Unit Test\reverseString.js">
      <metrics statements="3" coveredstatements="3" conditionals="0" coveredconditionals="0" methods="1" coveredmethods="1"/>
      <line num="1" count="2" type="stmt"/>
      <line num="2" count="3" type="stmt"/>
      <line num="6" count="2" type="stmt"/>
    </file>
    <file name="shallowObjClone.js" path="C:\Users\user\Desktop\MyCourses\JS\Testing With Jest\Js Unit Test\shallowObjClone.js">
      <metrics statements="3" coveredstatements="3" conditionals="0" coveredconditionals="0" methods="1" coveredmethods="1"/>
      <line num="1" count="1" type="stmt"/>
      <line num="2" count="1" type="stmt"/>
      <line num="5" count="1" type="stmt"/>
    </file>
    <file name="sum.js" path="C:\Users\user\Desktop\MyCourses\JS\Testing With Jest\Js Unit Test\sum.js">
      <metrics statements="3" coveredstatements="3" conditionals="0" coveredconditionals="0" methods="1" coveredmethods="1"/>
      <line num="1" count="1" type="stmt"/>
      <line num="2" count="1" type="stmt"/>
      <line num="5" count="1" type="stmt"/>
    </file>
  </project>
</coverage>
