TN:
SF:isPalindrome.js
FN:3,(anonymous_0)
FNF:1
FNH:1
FNDA:2,(anonymous_0)
DA:1,1
DA:3,1
DA:4,2
DA:7,1
LF:4
LH:4
BRF:0
BRH:0
end_of_record
TN:
SF:reverseString.js
FN:1,(anonymous_0)
FNF:1
FNH:1
FNDA:3,(anonymous_0)
DA:1,2
DA:2,3
DA:6,2
LF:3
LH:3
BRF:0
BRH:0
end_of_record
TN:
SF:shallowObjClone.js
FN:1,(anonymous_0)
FNF:1
FNH:1
FNDA:1,(anonymous_0)
DA:1,1
DA:2,1
DA:5,1
LF:3
LH:3
BRF:0
BRH:0
end_of_record
TN:
SF:sum.js
FN:1,(anonymous_0)
FNF:1
FNH:1
FNDA:1,(anonymous_0)
DA:1,1
DA:2,1
DA:5,1
LF:3
LH:3
BRF:0
BRH:0
end_of_record
